<?xml version="1.0" encoding="UTF-8"?>
<!-- Generated by org.testng.reporters.JUnitXMLReporter -->
<testsuite ignored="0" hostname="EbenezerMathew" failures="0" tests="4" name="Default test" time="10.492" errors="0" timestamp="2025-03-17T16:02:55 IST">
  <testcase classname="api.test.Usertests" name="testPostUser" time="4.46"/>
  <testcase classname="api.test.Usertests" name="testgetuserbyusername" time="1.402"/>
  <testcase classname="api.test.Usertests" name="testUpdateUserbyname" time="2.77"/>
  <testcase classname="api.test.Usertests" name="testdeleteuserbyname" time="1.356"/>
</testsuite> <!-- Default test -->
