<?xml version="1.0" encoding="UTF-8"?>
<!-- Generated by org.testng.reporters.JUnitXMLReporter -->
<testsuite ignored="0" hostname="EbenezerMathew" failures="0" tests="4" name="Default test" time="4.237" errors="0" timestamp="2025-03-10T16:02:59 IST">
  <testcase classname="restassured_day1.Httpresquest" name="getUsers" time="2.554"/>
  <testcase classname="restassured_day1.Httpresquest" name="createuser" time="0.812"/>
  <testcase classname="restassured_day1.Httpresquest" name="updateuser" time="0.416"/>
  <testcase classname="restassured_day1.Httpresquest" name="deleteuser" time="0.383"/>
</testsuite> <!-- Default test -->
