<?xml version="1.0" encoding="UTF-8"?>
<!-- Generated by org.testng.reporters.JUnitXMLReporter -->
<testsuite ignored="0" hostname="EbenezerMathew" failures="0" tests="2" name="Default test" time="0.428" errors="0" timestamp="2025-03-12T15:29:45 IST">
  <testcase classname="restassured_day3.Serilization_Deserilization" name="convertPojotoJson" time="0.283"/>
  <testcase classname="restassured_day3.Serilization_Deserilization" name="convertJsontoPojo" time="0.07"/>
</testsuite> <!-- Default test -->
