<?xml version="1.0" encoding="UTF-8"?>
<testng-results ignored="0" total="2" passed="2" failed="0" skipped="0">
  <reporter-output>
  </reporter-output>
  <suite started-at="2025-03-11T17:42:04 IST" name="Default suite" finished-at="2025-03-11T17:42:08 IST" duration-ms="3931">
    <groups>
    </groups>
    <test started-at="2025-03-11T17:42:04 IST" name="Default test" finished-at="2025-03-11T17:42:08 IST" duration-ms="3931">
      <class name="restassured_day2.Headersdemo1">
        <test-method signature="getheaders()[pri:0, instance:restassured_day2.Headersdemo1@4a883b15]" started-at="2025-03-11T17:42:04 IST" name="getheaders" finished-at="2025-03-11T17:42:07 IST" duration-ms="2787" status="PASS">
          <reporter-output>
          </reporter-output>
        </test-method> <!-- getheaders -->
        <test-method signature="testheadres()[pri:0, instance:restassured_day2.Headersdemo1@4a883b15]" started-at="2025-03-11T17:42:07 IST" name="testheadres" finished-at="2025-03-11T17:42:08 IST" duration-ms="1048" status="PASS">
          <reporter-output>
          </reporter-output>
        </test-method> <!-- testheadres -->
      </class> <!-- restassured_day2.Headersdemo1 -->
    </test> <!-- Default test -->
  </suite> <!-- Default suite -->
</testng-results>
